This is pdfTeX, Version 3.141592653-2.6-1.40.23 (TeX Live 2021/W32TeX) (preloaded format=pdflatex 2021.7.4)  24 JUL 2021 22:43
entering extended mode
 restricted \write18 enabled.
 %&-line parsing enabled.
**Analyser-des-donn√©es-avec-R.tex
(./Analyser-des-donn√©es-avec-R.tex
LaTeX2e <2021-06-01> patch level 1
L3 programming layer <2021-06-18>
(c:/Users/pydemullenheim/AppData/Roaming/TinyTeX/texmf-dist/tex/latex/base/book
.cls
Document Class: book 2021/02/12 v1.4n Standard LaTeX document class

(c:/Users/pydemullenheim/AppData/Roaming/TinyTeX/texmf-dist/tex/latex/base/bk10
.clo
File: bk10.clo 2021/02/12 v1.4n Standard LaTeX file (size option)
)
\c@part=\count182
\c@chapter=\count183
\c@section=\count184
\c@subsection=\count185
\c@subsubsection=\count186
\c@paragraph=\count187
\c@subparagraph=\count188
\c@figure=\count189
\c@table=\count190
\abovecaptionskip=\skip47
\belowcaptionskip=\skip48
\bibindent=\dimen138
)
(c:/Users/pydemullenheim/AppData/Roaming/TinyTeX/texmf-dist/tex/latex/amsmath/a
msmath.sty
Package: amsmath 2021/04/20 v2.17j AMS math features
\@mathmargin=\skip49
For additional information on amsmath, use the `?' option.

(c:/Users/pydemullenheim/AppData/Roaming/TinyTeX/texmf-dist/tex/latex/amsmath/a
mstext.sty
Package: amstext 2000/06/29 v2.01 AMS text

(c:/Users/pydemullenheim/AppData/Roaming/TinyTeX/texmf-dist/tex/latex/amsmath/a
msgen.sty
File: amsgen.sty 1999/11/30 v2.0 generic functions
\@emptytoks=\toks16
\ex@=\dimen139
))
(c:/Users/pydemullenheim/AppData/Roaming/TinyTeX/texmf-dist/tex/latex/amsmath/a
msbsy.sty
Package: amsbsy 1999/11/29 v1.2d Bold Symbols
\pmbraise@=\dimen140
)
(c:/Users/pydemullenheim/AppData/Roaming/TinyTeX/texmf-dist/tex/latex/amsmath/a
msopn.sty
Package: amsopn 2016/03/08 v2.02 operator names
)
\inf@bad=\count191
LaTeX Info: Redefining \frac on input line 234.
\uproot@=\count192
\leftroot@=\count193
LaTeX Info: Redefining \overline on input line 399.
\classnum@=\count194
\DOTSCASE@=\count195
LaTeX Info: Redefining \ldots on input line 496.
LaTeX Info: Redefining \dots on input line 499.
LaTeX Info: Redefining \cdots on input line 620.
\Mathstrutbox@=\box50
\strutbox@=\box51
\big@size=\dimen141
LaTeX Font Info:    Redeclaring font encoding OML on input line 743.
LaTeX Font Info:    Redeclaring font encoding OMS on input line 744.
\macc@depth=\count196
\c@MaxMatrixCols=\count197
\dotsspace@=\muskip16
\c@parentequation=\count198
\dspbrk@lvl=\count199
\tag@help=\toks17
\row@=\count266
\column@=\count267
\maxfields@=\count268
\andhelp@=\toks18
\eqnshift@=\dimen142
\alignsep@=\dimen143
\tagshift@=\dimen144
\tagwidth@=\dimen145
\totwidth@=\dimen146
\lineht@=\dimen147
\@envbody=\toks19
\multlinegap=\skip50
\multlinetaggap=\skip51
\mathdisplay@stack=\toks20
LaTeX Info: Redefining \[ on input line 2923.
LaTeX Info: Redefining \] on input line 2924.
)
(c:/Users/pydemullenheim/AppData/Roaming/TinyTeX/texmf-dist/tex/latex/amsfonts/
amssymb.sty
Package: amssymb 2013/01/14 v3.01 AMS font symbols

(c:/Users/pydemullenheim/AppData/Roaming/TinyTeX/texmf-dist/tex/latex/amsfonts/
amsfonts.sty
Package: amsfonts 2013/01/14 v3.01 Basic AMSFonts support
\symAMSa=\mathgroup4
\symAMSb=\mathgroup5
LaTeX Font Info:    Redeclaring math symbol \hbar on input line 98.
LaTeX Font Info:    Overwriting math alphabet `\mathfrak' in version `bold'
(Font)                  U/euf/m/n --> U/euf/b/n on input line 106.
))
(c:/Users/pydemullenheim/AppData/Roaming/TinyTeX/texmf-dist/tex/latex/lm/lmoder
n.sty
Package: lmodern 2015/05/01 v1.6.1 Latin Modern Fonts
LaTeX Font Info:    Overwriting symbol font `operators' in version `normal'
(Font)                  OT1/cmr/m/n --> OT1/lmr/m/n on input line 22.
LaTeX Font Info:    Overwriting symbol font `letters' in version `normal'
(Font)                  OML/cmm/m/it --> OML/lmm/m/it on input line 23.
LaTeX Font Info:    Overwriting symbol font `symbols' in version `normal'
(Font)                  OMS/cmsy/m/n --> OMS/lmsy/m/n on input line 24.
LaTeX Font Info:    Overwriting symbol font `largesymbols' in version `normal'
(Font)                  OMX/cmex/m/n --> OMX/lmex/m/n on input line 25.
LaTeX Font Info:    Overwriting symbol font `operators' in version `bold'
(Font)                  OT1/cmr/bx/n --> OT1/lmr/bx/n on input line 26.
LaTeX Font Info:    Overwriting symbol font `letters' in version `bold'
(Font)                  OML/cmm/b/it --> OML/lmm/b/it on input line 27.
LaTeX Font Info:    Overwriting symbol font `symbols' in version `bold'
(Font)                  OMS/cmsy/b/n --> OMS/lmsy/b/n on input line 28.
LaTeX Font Info:    Overwriting symbol font `largesymbols' in version `bold'
(Font)                  OMX/cmex/m/n --> OMX/lmex/m/n on input line 29.
LaTeX Font Info:    Overwriting math alphabet `\mathbf' in version `normal'
(Font)                  OT1/cmr/bx/n --> OT1/lmr/bx/n on input line 31.
LaTeX Font Info:    Overwriting math alphabet `\mathsf' in version `normal'
(Font)                  OT1/cmss/m/n --> OT1/lmss/m/n on input line 32.
LaTeX Font Info:    Overwriting math alphabet `\mathit' in version `normal'
(Font)                  OT1/cmr/m/it --> OT1/lmr/m/it on input line 33.
LaTeX Font Info:    Overwriting math alphabet `\mathtt' in version `normal'
(Font)                  OT1/cmtt/m/n --> OT1/lmtt/m/n on input line 34.
LaTeX Font Info:    Overwriting math alphabet `\mathbf' in version `bold'
(Font)                  OT1/cmr/bx/n --> OT1/lmr/bx/n on input line 35.
LaTeX Font Info:    Overwriting math alphabet `\mathsf' in version `bold'
(Font)                  OT1/cmss/bx/n --> OT1/lmss/bx/n on input line 36.
LaTeX Font Info:    Overwriting math alphabet `\mathit' in version `bold'
(Font)                  OT1/cmr/bx/it --> OT1/lmr/bx/it on input line 37.
LaTeX Font Info:    Overwriting math alphabet `\mathtt' in version `bold'
(Font)                  OT1/cmtt/m/n --> OT1/lmtt/m/n on input line 38.
)
(c:/Users/pydemullenheim/AppData/Roaming/TinyTeX/texmf-dist/tex/generic/iftex/i
fxetex.sty
Package: ifxetex 2019/10/25 v0.7 ifxetex legacy package. Use iftex instead.

(c:/Users/pydemullenheim/AppData/Roaming/TinyTeX/texmf-dist/tex/generic/iftex/i
ftex.sty
Package: iftex 2020/03/06 v1.0d TeX engine tests
))
(c:/Users/pydemullenheim/AppData/Roaming/TinyTeX/texmf-dist/tex/generic/iftex/i
fluatex.sty
Package: ifluatex 2019/10/25 v1.5 ifluatex legacy package. Use iftex instead.
)
(c:/Users/pydemullenheim/AppData/Roaming/TinyTeX/texmf-dist/tex/latex/base/font
enc.sty
Package: fontenc 2021/04/29 v2.0v Standard LaTeX package
LaTeX Font Info:    Trying to load font information for T1+lmr on input line 11
2.

(c:/Users/pydemullenheim/AppData/Roaming/TinyTeX/texmf-dist/tex/latex/lm/t1lmr.
fd
File: t1lmr.fd 2015/05/01 v1.6.1 Font defs for Latin Modern
))
(c:/Users/pydemullenheim/AppData/Roaming/TinyTeX/texmf-dist/tex/latex/base/inpu
tenc.sty
Package: inputenc 2021/02/14 v1.3d Input encoding file
\inpenc@prehook=\toks21
\inpenc@posthook=\toks22
)
(c:/Users/pydemullenheim/AppData/Roaming/TinyTeX/texmf-dist/tex/latex/base/text
comp.sty
Package: textcomp 2020/02/02 v2.0n Standard LaTeX package
)
(c:/Users/pydemullenheim/AppData/Roaming/TinyTeX/texmf-dist/tex/latex/xcolor/xc
olor.sty
Package: xcolor 2016/05/11 v2.12 LaTeX color extensions (UK)

(c:/Users/pydemullenheim/AppData/Roaming/TinyTeX/texmf-dist/tex/latex/graphics-
cfg/color.cfg
File: color.cfg 2016/01/02 v1.6 sample color configuration
)
Package xcolor Info: Driver file: pdftex.def on input line 225.

(c:/Users/pydemullenheim/AppData/Roaming/TinyTeX/texmf-dist/tex/latex/graphics-
def/pdftex.def
File: pdftex.def 2020/10/05 v1.2a Graphics/color driver for pdftex
)
Package xcolor Info: Model `cmy' substituted by `cmy0' on input line 1348.
Package xcolor Info: Model `hsb' substituted by `rgb' on input line 1352.
Package xcolor Info: Model `RGB' extended on input line 1364.
Package xcolor Info: Model `HTML' substituted by `rgb' on input line 1366.
Package xcolor Info: Model `Hsb' substituted by `hsb' on input line 1367.
Package xcolor Info: Model `tHsb' substituted by `hsb' on input line 1368.
Package xcolor Info: Model `HSB' substituted by `hsb' on input line 1369.
Package xcolor Info: Model `Gray' substituted by `gray' on input line 1370.
Package xcolor Info: Model `wave' substituted by `hsb' on input line 1371.
)
(c:/Users/pydemullenheim/AppData/Roaming/TinyTeX/texmf-dist/tex/latex/hyperref/
hyperref.sty
Package: hyperref 2021-06-07 v7.00m Hypertext links for LaTeX

(c:/Users/pydemullenheim/AppData/Roaming/TinyTeX/texmf-dist/tex/generic/ltxcmds
/ltxcmds.sty
Package: ltxcmds 2020-05-10 v1.25 LaTeX kernel commands for general use (HO)
)
(c:/Users/pydemullenheim/AppData/Roaming/TinyTeX/texmf-dist/tex/generic/pdftexc
mds/pdftexcmds.sty
Package: pdftexcmds 2020-06-27 v0.33 Utility functions of pdfTeX for LuaTeX (HO
)

(c:/Users/pydemullenheim/AppData/Roaming/TinyTeX/texmf-dist/tex/generic/infware
rr/infwarerr.sty
Package: infwarerr 2019/12/03 v1.5 Providing info/warning/error messages (HO)
)
Package pdftexcmds Info: \pdf@primitive is available.
Package pdftexcmds Info: \pdf@ifprimitive is available.
Package pdftexcmds Info: \pdfdraftmode found.
)
(c:/Users/pydemullenheim/AppData/Roaming/TinyTeX/texmf-dist/tex/latex/graphics/
keyval.sty
Package: keyval 2014/10/28 v1.15 key=value parser (DPC)
\KV@toks@=\toks23
)
(c:/Users/pydemullenheim/AppData/Roaming/TinyTeX/texmf-dist/tex/generic/kvsetke
ys/kvsetkeys.sty
Package: kvsetkeys 2019/12/15 v1.18 Key value parser (HO)
)
(c:/Users/pydemullenheim/AppData/Roaming/TinyTeX/texmf-dist/tex/generic/kvdefin
ekeys/kvdefinekeys.sty
Package: kvdefinekeys 2019-12-19 v1.6 Define keys (HO)
)
(c:/Users/pydemullenheim/AppData/Roaming/TinyTeX/texmf-dist/tex/generic/pdfesca
pe/pdfescape.sty
Package: pdfescape 2019/12/09 v1.15 Implements pdfTeX's escape features (HO)
)
(c:/Users/pydemullenheim/AppData/Roaming/TinyTeX/texmf-dist/tex/latex/hycolor/h
ycolor.sty
Package: hycolor 2020-01-27 v1.10 Color options for hyperref/bookmark (HO)
)
(c:/Users/pydemullenheim/AppData/Roaming/TinyTeX/texmf-dist/tex/latex/letltxmac
ro/letltxmacro.sty
Package: letltxmacro 2019/12/03 v1.6 Let assignment for LaTeX macros (HO)
)
(c:/Users/pydemullenheim/AppData/Roaming/TinyTeX/texmf-dist/tex/latex/auxhook/a
uxhook.sty
Package: auxhook 2019-12-17 v1.6 Hooks for auxiliary files (HO)
)
(c:/Users/pydemullenheim/AppData/Roaming/TinyTeX/texmf-dist/tex/latex/kvoptions
/kvoptions.sty
Package: kvoptions 2020-10-07 v3.14 Key value format for package options (HO)
)
\@linkdim=\dimen148
\Hy@linkcounter=\count269
\Hy@pagecounter=\count270

(c:/Users/pydemullenheim/AppData/Roaming/TinyTeX/texmf-dist/tex/latex/hyperref/
pd1enc.def
File: pd1enc.def 2021-06-07 v7.00m Hyperref: PDFDocEncoding definition (HO)
Now handling font encoding PD1 ...
... no UTF-8 mapping file for font encoding PD1
)
(c:/Users/pydemullenheim/AppData/Roaming/TinyTeX/texmf-dist/tex/latex/hyperref/
hyperref-langpatches.def
File: hyperref-langpatches.def 2021-06-07 v7.00m Hyperref: patches for babel la
nguages
)
(c:/Users/pydemullenheim/AppData/Roaming/TinyTeX/texmf-dist/tex/generic/intcalc
/intcalc.sty
Package: intcalc 2019/12/15 v1.3 Expandable calculations with integers (HO)
)
(c:/Users/pydemullenheim/AppData/Roaming/TinyTeX/texmf-dist/tex/generic/etexcmd
s/etexcmds.sty
Package: etexcmds 2019/12/15 v1.7 Avoid name clashes with e-TeX commands (HO)
)
\Hy@SavedSpaceFactor=\count271

(c:/Users/pydemullenheim/AppData/Roaming/TinyTeX/texmf-dist/tex/latex/hyperref/
puenc.def
File: puenc.def 2021-06-07 v7.00m Hyperref: PDF Unicode definition (HO)
Now handling font encoding PU ...
... no UTF-8 mapping file for font encoding PU
)
Package hyperref Info: Option `unicode' set `true' on input line 4073.
Package hyperref Info: Hyper figures OFF on input line 4192.
Package hyperref Info: Link nesting OFF on input line 4197.
Package hyperref Info: Hyper index ON on input line 4200.
Package hyperref Info: Plain pages OFF on input line 4207.
Package hyperref Info: Backreferencing OFF on input line 4212.
Package hyperref Info: Implicit mode ON; LaTeX internals redefined.
Package hyperref Info: Bookmarks ON on input line 4445.
\c@Hy@tempcnt=\count272

(c:/Users/pydemullenheim/AppData/Roaming/TinyTeX/texmf-dist/tex/latex/url/url.s
ty
\Urlmuskip=\muskip17
Package: url 2013/09/16  ver 3.4  Verb mode for urls, etc.
)
LaTeX Info: Redefining \url on input line 4804.
\XeTeXLinkMargin=\dimen149

(c:/Users/pydemullenheim/AppData/Roaming/TinyTeX/texmf-dist/tex/generic/bitset/
bitset.sty
Package: bitset 2019/12/09 v1.3 Handle bit-vector datatype (HO)

(c:/Users/pydemullenheim/AppData/Roaming/TinyTeX/texmf-dist/tex/generic/bigintc
alc/bigintcalc.sty
Package: bigintcalc 2019/12/15 v1.5 Expandable calculations on big integers (HO
)
))
\Fld@menulength=\count273
\Field@Width=\dimen150
\Fld@charsize=\dimen151
Package hyperref Info: Hyper figures OFF on input line 6076.
Package hyperref Info: Link nesting OFF on input line 6081.
Package hyperref Info: Hyper index ON on input line 6084.
Package hyperref Info: backreferencing OFF on input line 6091.
Package hyperref Info: Link coloring OFF on input line 6096.
Package hyperref Info: Link coloring with OCG OFF on input line 6101.
Package hyperref Info: PDF/A mode OFF on input line 6106.
LaTeX Info: Redefining \ref on input line 6146.
LaTeX Info: Redefining \pageref on input line 6150.

(c:/Users/pydemullenheim/AppData/Roaming/TinyTeX/texmf-dist/tex/latex/base/atbe
gshi-ltx.sty
Package: atbegshi-ltx 2021/01/10 v1.0c Emulation of the original atbegshi
package with kernel methods
)
\Hy@abspage=\count274
\c@Item=\count275
\c@Hfootnote=\count276
)
Package hyperref Info: Driver (autodetected): hpdftex.

(c:/Users/pydemullenheim/AppData/Roaming/TinyTeX/texmf-dist/tex/latex/hyperref/
hpdftex.def
File: hpdftex.def 2021-06-07 v7.00m Hyperref driver for pdfTeX

(c:/Users/pydemullenheim/AppData/Roaming/TinyTeX/texmf-dist/tex/latex/base/atve
ryend-ltx.sty
Package: atveryend-ltx 2020/08/19 v1.0a Emulation of the original atvery packag
e
with kernel methods
)
\Fld@listcount=\count277
\c@bookmark@seq@number=\count278

(c:/Users/pydemullenheim/AppData/Roaming/TinyTeX/texmf-dist/tex/latex/rerunfile
check/rerunfilecheck.sty
Package: rerunfilecheck 2019/12/05 v1.9 Rerun checks for auxiliary files (HO)

(c:/Users/pydemullenheim/AppData/Roaming/TinyTeX/texmf-dist/tex/generic/uniquec
ounter/uniquecounter.sty
Package: uniquecounter 2019/12/15 v1.4 Provide unlimited unique counter (HO)
)
Package uniquecounter Info: New unique counter `rerunfilecheck' on input line 2
86.
)
\Hy@SectionHShift=\skip52
)
(c:/Users/pydemullenheim/AppData/Roaming/TinyTeX/texmf-dist/tex/latex/geometry/
geometry.sty
Package: geometry 2020/01/02 v5.9 Page Geometry

(c:/Users/pydemullenheim/AppData/Roaming/TinyTeX/texmf-dist/tex/generic/iftex/i
fvtex.sty
Package: ifvtex 2019/10/25 v1.7 ifvtex legacy package. Use iftex instead.
)
\Gm@cnth=\count279
\Gm@cntv=\count280
\c@Gm@tempcnt=\count281
\Gm@bindingoffset=\dimen152
\Gm@wd@mp=\dimen153
\Gm@odd@mp=\dimen154
\Gm@even@mp=\dimen155
\Gm@layoutwidth=\dimen156
\Gm@layoutheight=\dimen157
\Gm@layouthoffset=\dimen158
\Gm@layoutvoffset=\dimen159
\Gm@dimlist=\toks24
)
(c:/Users/pydemullenheim/AppData/Roaming/TinyTeX/texmf-dist/tex/latex/fancyvrb/
fancyvrb.sty
Package: fancyvrb 2021/01/20 v3.7 verbatim text (tvz,hv)
\FV@CodeLineNo=\count282
\FV@InFile=\read2
\FV@TabBox=\box52
\c@FancyVerbLine=\count283
\FV@StepNumber=\count284
\FV@OutFile=\write3
)
(c:/Users/pydemullenheim/AppData/Roaming/TinyTeX/texmf-dist/tex/latex/framed/fr
amed.sty
Package: framed 2011/10/22 v 0.96: framed or shaded text with page breaks
\OuterFrameSep=\skip53
\fb@frw=\dimen160
\fb@frh=\dimen161
\FrameRule=\dimen162
\FrameSep=\dimen163
)
(c:/Users/pydemullenheim/AppData/Roaming/TinyTeX/texmf-dist/tex/latex/tools/lon
gtable.sty
Package: longtable 2021-05-07 v4.16 Multi-page Table package (DPC)
\LTleft=\skip54
\LTright=\skip55
\LTpre=\skip56
\LTpost=\skip57
\LTchunksize=\count285
\LTcapwidth=\dimen164
\LT@head=\box53
\LT@firsthead=\box54
\LT@foot=\box55
\LT@lastfoot=\box56
\LT@gbox=\box57
\LT@cols=\count286
\LT@rows=\count287
\c@LT@tables=\count288
\c@LT@chunks=\count289
\LT@p@ftn=\toks25
)
(c:/Users/pydemullenheim/AppData/Roaming/TinyTeX/texmf-dist/tex/latex/booktabs/
booktabs.sty
Package: booktabs 2020/01/12 v1.61803398 Publication quality tables
\heavyrulewidth=\dimen165
\lightrulewidth=\dimen166
\cmidrulewidth=\dimen167
\belowrulesep=\dimen168
\belowbottomsep=\dimen169
\aboverulesep=\dimen170
\abovetopsep=\dimen171
\cmidrulesep=\dimen172
\cmidrulekern=\dimen173
\defaultaddspace=\dimen174
\@cmidla=\count290
\@cmidlb=\count291
\@aboverulesep=\dimen175
\@belowrulesep=\dimen176
\@thisruleclass=\count292
\@lastruleclass=\count293
\@thisrulewidth=\dimen177
)
(c:/Users/pydemullenheim/AppData/Roaming/TinyTeX/texmf-dist/tex/latex/tools/arr
ay.sty
Package: array 2021/04/20 v2.5e Tabular extension package (FMi)
\col@sep=\dimen178
\ar@mcellbox=\box58
\extrarowheight=\dimen179
\NC@list=\toks26
\extratabsurround=\skip58
\backup@length=\skip59
\ar@cellbox=\box59
)
(c:/Users/pydemullenheim/AppData/Roaming/TinyTeX/texmf-dist/tex/latex/tools/cal
c.sty
Package: calc 2017/05/25 v4.3 Infix arithmetic (KKT,FJ)
\calc@Acount=\count294
\calc@Bcount=\count295
\calc@Adimen=\dimen180
\calc@Bdimen=\dimen181
\calc@Askip=\skip60
\calc@Bskip=\skip61
LaTeX Info: Redefining \setlength on input line 80.
LaTeX Info: Redefining \addtolength on input line 81.
\calc@Ccount=\count296
\calc@Cskip=\skip62
)
(c:/Users/pydemullenheim/AppData/Roaming/TinyTeX/texmf-dist/tex/latex/etoolbox/
etoolbox.sty
Package: etoolbox 2020/10/05 v2.5k e-TeX tools for LaTeX (JAW)
\etb@tempcnta=\count297
)
(c:/Users/pydemullenheim/AppData/Roaming/TinyTeX/texmf-dist/tex/latex/mdwtools/
footnote.sty
Package: footnote 1997/01/28 1.13 Save footnotes around boxes
\fn@notes=\box60
\fn@width=\dimen182
)
(c:/Users/pydemullenheim/AppData/Roaming/TinyTeX/texmf-dist/tex/latex/graphics/
graphicx.sty
Package: graphicx 2020/12/05 v1.2c Enhanced LaTeX Graphics (DPC,SPQR)

(c:/Users/pydemullenheim/AppData/Roaming/TinyTeX/texmf-dist/tex/latex/graphics/
graphics.sty
Package: graphics 2021/03/04 v1.4d Standard LaTeX Graphics (DPC,SPQR)

(c:/Users/pydemullenheim/AppData/Roaming/TinyTeX/texmf-dist/tex/latex/graphics/
trig.sty
Package: trig 2016/01/03 v1.10 sin cos tan (DPC)
)
(c:/Users/pydemullenheim/AppData/Roaming/TinyTeX/texmf-dist/tex/latex/graphics-
cfg/graphics.cfg
File: graphics.cfg 2016/06/04 v1.11 sample graphics configuration
)
Package graphics Info: Driver file: pdftex.def on input line 107.
)
\Gin@req@height=\dimen183
\Gin@req@width=\dimen184
)
(c:/Users/pydemullenheim/AppData/Roaming/TinyTeX/texmf-dist/tex/latex/multirow/
multirow.sty
Package: multirow 2021/03/15 v2.8 Span multiple rows of a table
\multirow@colwidth=\skip63
\multirow@cntb=\count298
\multirow@dima=\skip64
\bigstrutjot=\dimen185
)
(c:/Users/pydemullenheim/AppData/Roaming/TinyTeX/texmf-dist/tex/latex/tools/mul
ticol.sty
Package: multicol 2019/12/09 v1.8y multicolumn formatting (FMi)
\c@tracingmulticols=\count299
\mult@box=\box61
\multicol@leftmargin=\dimen186
\c@unbalance=\count300
\c@collectmore=\count301
\doublecol@number=\count302
\multicoltolerance=\count303
\multicolpretolerance=\count304
\full@width=\dimen187
\page@free=\dimen188
\premulticols=\dimen189
\postmulticols=\dimen190
\multicolsep=\skip65
\multicolbaselineskip=\skip66
\partial@page=\box62
\last@line=\box63
\maxbalancingoverflow=\dimen191
\mult@rightbox=\box64
\mult@grightbox=\box65
\mult@gfirstbox=\box66
\mult@firstbox=\box67
\@tempa=\box68
\@tempa=\box69
\@tempa=\box70
\@tempa=\box71
\@tempa=\box72
\@tempa=\box73
\@tempa=\box74
\@tempa=\box75
\@tempa=\box76
\@tempa=\box77
\@tempa=\box78
\@tempa=\box79
\@tempa=\box80
\@tempa=\box81
\@tempa=\box82
\@tempa=\box83
\@tempa=\box84
\@tempa=\box85
\@tempa=\box86
\@tempa=\box87
\@tempa=\box88
\@tempa=\box89
\@tempa=\box90
\@tempa=\box91
\@tempa=\box92
\@tempa=\box93
\@tempa=\box94
\@tempa=\box95
\@tempa=\box96
\@tempa=\box97
\@tempa=\box98
\@tempa=\box99
\@tempa=\box100
\@tempa=\box101
\@tempa=\box102
\@tempa=\box103
\@tempa=\box104
\c@minrows=\count305
\c@columnbadness=\count306
\c@finalcolumnbadness=\count307
\last@try=\dimen192
\multicolovershoot=\dimen193
\multicolundershoot=\dimen194
\mult@nat@firstbox=\box105
\colbreak@box=\box106
\mc@col@check@num=\count308
)
(c:/Users/pydemullenheim/AppData/Roaming/TinyTeX/texmf-dist/tex/latex/colortbl/
colortbl.sty
Package: colortbl 2020/01/04 v1.0e Color table columns (DPC)
\everycr=\toks27
\minrowclearance=\skip67
)
(c:/Users/pydemullenheim/AppData/Roaming/TinyTeX/texmf-dist/tex/latex/tools/hhl
ine.sty
Package: hhline 2020/01/04 v2.04 Table rule package (DPC)
)
\cslhangindent=\skip68
\csllabelwidth=\skip69

(c:/Users/pydemullenheim/AppData/Roaming/TinyTeX/texmf-dist/tex/latex/l3backend
/l3backend-pdftex.def
File: l3backend-pdftex.def 2021-05-07 L3 backend support: PDF output (pdfTeX)
\l__color_backend_stack_int=\count309
\l__pdf_internal_box=\box107
) (./Analyser-des-donn√©es-avec-R.aux)
\openout1 = `Analyser-des-donn√©es-avec-R.aux'.

LaTeX Font Info:    Checking defaults for OML/cmm/m/it on input line 147.
LaTeX Font Info:    ... okay on input line 147.
LaTeX Font Info:    Checking defaults for OMS/cmsy/m/n on input line 147.
LaTeX Font Info:    ... okay on input line 147.
LaTeX Font Info:    Checking defaults for OT1/cmr/m/n on input line 147.
LaTeX Font Info:    ... okay on input line 147.
LaTeX Font Info:    Checking defaults for T1/cmr/m/n on input line 147.
LaTeX Font Info:    ... okay on input line 147.
LaTeX Font Info:    Checking defaults for TS1/cmr/m/n on input line 147.
LaTeX Font Info:    ... okay on input line 147.
LaTeX Font Info:    Checking defaults for OMX/cmex/m/n on input line 147.
LaTeX Font Info:    ... okay on input line 147.
LaTeX Font Info:    Checking defaults for U/cmr/m/n on input line 147.
LaTeX Font Info:    ... okay on input line 147.
LaTeX Font Info:    Checking defaults for PD1/pdf/m/n on input line 147.
LaTeX Font Info:    ... okay on input line 147.
LaTeX Font Info:    Checking defaults for PU/pdf/m/n on input line 147.
LaTeX Font Info:    ... okay on input line 147.

(c:/Users/pydemullenheim/AppData/Roaming/TinyTeX/texmf-dist/tex/latex/epstopdf-
pkg/epstopdf-base.sty
Package: epstopdf-base 2020-01-24 v2.11 Base part for package epstopdf
Package epstopdf-base Info: Redefining graphics rule for `.eps' on input line 4
85.

(c:/Users/pydemullenheim/AppData/Roaming/TinyTeX/texmf-dist/tex/latex/latexconf
ig/epstopdf-sys.cfg
File: epstopdf-sys.cfg 2010/07/13 v1.3 Configuration of (r)epstopdf for TeX Liv
e
))
Package hyperref Info: Link coloring OFF on input line 147.

(c:/Users/pydemullenheim/AppData/Roaming/TinyTeX/texmf-dist/tex/latex/hyperref/
nameref.sty
Package: nameref 2021-04-02 v2.47 Cross-referencing by name of section

(c:/Users/pydemullenheim/AppData/Roaming/TinyTeX/texmf-dist/tex/latex/refcount/
refcount.sty
Package: refcount 2019/12/15 v3.6 Data extraction from label references (HO)
)
(c:/Users/pydemullenheim/AppData/Roaming/TinyTeX/texmf-dist/tex/generic/gettitl
estring/gettitlestring.sty
Package: gettitlestring 2019/12/15 v1.6 Cleanup title references (HO)
)
\c@section@level=\count310
)
LaTeX Info: Redefining \ref on input line 147.
LaTeX Info: Redefining \pageref on input line 147.
LaTeX Info: Redefining \nameref on input line 147.
(./Analyser-des-donn√©es-avec-R.out) (./Analyser-des-donn√©es-avec-R.out)
\@outlinefile=\write4
\openout4 = `Analyser-des-donn√©es-avec-R.out'.

*geometry* driver: auto-detecting
*geometry* detected driver: pdftex
*geometry* verbose mode - [ preamble ] result:
* driver: pdftex
* paper: <default>
* layout: <same size as paper>
* layoutoffset:(h,v)=(0.0pt,0.0pt)
* modes: twoside 
* h-part:(L,W,R)=(72.26999pt, 469.75502pt, 72.26999pt)
* v-part:(T,H,B)=(72.26999pt, 650.43001pt, 72.26999pt)
* \paperwidth=614.295pt
* \paperheight=794.96999pt
* \textwidth=469.75502pt
* \textheight=650.43001pt
* \oddsidemargin=0.0pt
* \evensidemargin=0.0pt
* \topmargin=-30.06749pt
* \headheight=12.0pt
* \headsep=18.06749pt
* \topskip=10.0pt
* \footskip=25.29494pt
* \marginparwidth=125.0pt
* \marginparsep=7.0pt
* \columnsep=10.0pt
* \skip\footins=9.0pt plus 4.0pt minus 2.0pt
* \hoffset=0.0pt
* \voffset=0.0pt
* \mag=1000
* \@twocolumnfalse
* \@twosidetrue
* \@mparswitchtrue
* \@reversemarginfalse
* (1in=72.27pt=25.4mm, 1cm=28.453pt)

LaTeX Font Info:    Trying to load font information for OT1+lmr on input line 1
49.

(c:/Users/pydemullenheim/AppData/Roaming/TinyTeX/texmf-dist/tex/latex/lm/ot1lmr
.fd
File: ot1lmr.fd 2015/05/01 v1.6.1 Font defs for Latin Modern
)
LaTeX Font Info:    Trying to load font information for OML+lmm on input line 1
49.

(c:/Users/pydemullenheim/AppData/Roaming/TinyTeX/texmf-dist/tex/latex/lm/omllmm
.fd
File: omllmm.fd 2015/05/01 v1.6.1 Font defs for Latin Modern
)
LaTeX Font Info:    Trying to load font information for OMS+lmsy on input line 
149.

(c:/Users/pydemullenheim/AppData/Roaming/TinyTeX/texmf-dist/tex/latex/lm/omslms
y.fd
File: omslmsy.fd 2015/05/01 v1.6.1 Font defs for Latin Modern
)
LaTeX Font Info:    Trying to load font information for OMX+lmex on input line 
149.

(c:/Users/pydemullenheim/AppData/Roaming/TinyTeX/texmf-dist/tex/latex/lm/omxlme
x.fd
File: omxlmex.fd 2015/05/01 v1.6.1 Font defs for Latin Modern
)
LaTeX Font Info:    External font `lmex10' loaded for size
(Font)              <12> on input line 149.
LaTeX Font Info:    External font `lmex10' loaded for size
(Font)              <8> on input line 149.
LaTeX Font Info:    External font `lmex10' loaded for size
(Font)              <6> on input line 149.
LaTeX Font Info:    Trying to load font information for U+msa on input line 149
.

(c:/Users/pydemullenheim/AppData/Roaming/TinyTeX/texmf-dist/tex/latex/amsfonts/
umsa.fd
File: umsa.fd 2013/01/14 v3.01 AMS symbols A
)
LaTeX Font Info:    Trying to load font information for U+msb on input line 149
.

(c:/Users/pydemullenheim/AppData/Roaming/TinyTeX/texmf-dist/tex/latex/amsfonts/
umsb.fd
File: umsb.fd 2013/01/14 v3.01 AMS symbols B
) [1


{c:/Users/pydemullenheim/AppData/Roaming/TinyTeX/texmf-var/fonts/map/pdftex/upd
map/pdftex.map}] [2

] (./Analyser-des-donn√©es-avec-R.toc
LaTeX Font Info:    External font `lmex10' loaded for size
(Font)              <10> on input line 3.
LaTeX Font Info:    External font `lmex10' loaded for size
(Font)              <7> on input line 3.
LaTeX Font Info:    External font `lmex10' loaded for size
(Font)              <5> on input line 3.
)
\tf@toc=\write5
\openout5 = `Analyser-des-donn√©es-avec-R.toc'.

[3] [4

] [5] [6

]
Chapter 1.
LaTeX Font Info:    Trying to load font information for TS1+lmr on input line 1
78.

(c:/Users/pydemullenheim/AppData/Roaming/TinyTeX/texmf-dist/tex/latex/lm/ts1lmr
.fd
File: ts1lmr.fd 2015/05/01 v1.6.1 Font defs for Latin Modern
) [7]
LaTeX Font Info:    Trying to load font information for T1+lmtt on input line 2
39.

(c:/Users/pydemullenheim/AppData/Roaming/TinyTeX/texmf-dist/tex/latex/lm/t1lmtt
.fd
File: t1lmtt.fd 2015/05/01 v1.6.1 Font defs for Latin Modern
) [8] [9] [10] [11]
<Analyser-des-donn√©es-avec-R_files/figure-latex/plotfunction2-1.pdf, id=189, 4
69.755pt x 325.215pt>
File: Analyser-des-donn√©es-avec-R_files/figure-latex/plotfunction2-1.pdf Graph
ic file (type pdf)
<use Analyser-des-donn√©es-avec-R_files/figure-latex/plotfunction2-1.pdf>
Package pdftex.def Info: Analyser-des-donn√©es-avec-R_files/figure-latex/plotfu
nction2-1.pdf  used on input line 490.
(pdftex.def)             Requested size: 328.82626pt x 227.64894pt.
[12]
<Analyser-des-donn√©es-avec-R_files/figure-latex/plotfunction5-1.pdf, id=195, 4
69.755pt x 325.215pt>
File: Analyser-des-donn√©es-avec-R_files/figure-latex/plotfunction5-1.pdf Graph
ic file (type pdf)
<use Analyser-des-donn√©es-avec-R_files/figure-latex/plotfunction5-1.pdf>
Package pdftex.def Info: Analyser-des-donn√©es-avec-R_files/figure-latex/plotfu
nction5-1.pdf  used on input line 523.
(pdftex.def)             Requested size: 328.82626pt x 227.64894pt.
[13 <./Analyser-des-donn√©es-avec-R_files/figure-latex/plotfunction2-1.pdf>] [1
4 <./Analyser-des-donn√©es-avec-R_files/figure-latex/plotfunction5-1.pdf>]
LaTeX Font Info:    Font shape `T1/lmtt/bx/n' in size <10> not available
(Font)              Font shape `T1/lmtt/b/n' tried instead on input line 570.

LaTeX Font Warning: Font shape `T1/lmtt/bx/it' in size <10> not available
(Font)              Font shape `T1/lmtt/b/sl' tried instead on input line 570.

[15] [16

]
Chapter 2.

Overfull \hbox (272.94495pt too wide) in alignment at lines 628--638
 [] [] [] [] [] 
 []


Overfull \hbox (272.94495pt too wide) in alignment at lines 638--644
 [] [] [] [] [] 
 []


Overfull \hbox (272.94495pt too wide) in alignment at lines 644--688
 [] [] [] [] [] 
 []

[17]
Overfull \hbox (124.40495pt too wide) in alignment at lines 698--708
 [] [] [] [] 
 []


Overfull \hbox (124.40495pt too wide) in alignment at lines 708--714
 [] [] [] [] 
 []


Overfull \hbox (124.40495pt too wide) in alignment at lines 714--740
 [] [] [] [] 
 []

[18] [19] [20]
Underfull \vbox (badness 10000) has occurred while \output is active []

[21]
Underfull \vbox (badness 10000) has occurred while \output is active []

[22] [23] [24] [25]
LaTeX Font Info:    Font shape `T1/lmtt/bx/n' in size <12> not available
(Font)              Font shape `T1/lmtt/b/n' tried instead on input line 1113.
[26] [27] [28] [29] [30] [31] [32]
Overfull \hbox (6.48302pt too wide) in paragraph at lines 1513--1515
[]\T1/lmr/m/n/10 Pour im-porter un jeu de don-nÈes au for-mat .csv, il est pos-
si-ble d'utiliser la fonc-tion \T1/lmtt/m/n/10 readr::read_csv2()\T1/lmr/m/n/10
 . 
 []


Overfull \hbox (10.34474pt too wide) in paragraph at lines 1515--1517
[]\T1/lmr/m/n/10 Pour ex-porter un jeu de don-nÈes au for-mat .csv, il est pos-
si-ble d'utiliser la fonc-tion \T1/lmtt/m/n/10 readr::write_csv2()\T1/lmr/m/n/1
0 . 
 []

[33] [34

]
Chapter 3.
[35]
<Analyser-des-donn√©es-avec-R_files/figure-latex/geomhistogram-1.pdf, id=352, 4
69.755pt x 325.215pt>
File: Analyser-des-donn√©es-avec-R_files/figure-latex/geomhistogram-1.pdf Graph
ic file (type pdf)
<use Analyser-des-donn√©es-avec-R_files/figure-latex/geomhistogram-1.pdf>
Package pdftex.def Info: Analyser-des-donn√©es-avec-R_files/figure-latex/geomhi
stogram-1.pdf  used on input line 1570.
(pdftex.def)             Requested size: 469.75386pt x 325.2142pt.
[36 <./Analyser-des-donn√©es-avec-R_files/figure-latex/geomhistogram-1.pdf>]
LaTeX Font Info:    Trying to load font information for TS1+lmtt on input line 
1582.

(c:/Users/pydemullenheim/AppData/Roaming/TinyTeX/texmf-dist/tex/latex/lm/ts1lmt
t.fd
File: ts1lmtt.fd 2015/05/01 v1.6.1 Font defs for Latin Modern
)
<Analyser-des-donn√©es-avec-R_files/figure-latex/geomhistogramVariedBinwidth2-1
.pdf, id=366, 469.755pt x 325.215pt>
File: Analyser-des-donn√©es-avec-R_files/figure-latex/geomhistogramVariedBinwid
th2-1.pdf Graphic file (type pdf)
<use Analyser-des-donn√©es-avec-R_files/figure-latex/geomhistogramVariedBinwidt
h2-1.pdf>
Package pdftex.def Info: Analyser-des-donn√©es-avec-R_files/figure-latex/geomhi
stogramVariedBinwidth2-1.pdf  used on input line 1605.
(pdftex.def)             Requested size: 469.75386pt x 325.2142pt.
<Analyser-des-donn√©es-avec-R_files/figure-latex/geomboxplot-1.pdf, id=367, 469
.755pt x 216.81pt>
File: Analyser-des-donn√©es-avec-R_files/figure-latex/geomboxplot-1.pdf Graphic
 file (type pdf)
<use Analyser-des-donn√©es-avec-R_files/figure-latex/geomboxplot-1.pdf>
Package pdftex.def Info: Analyser-des-donn√©es-avec-R_files/figure-latex/geombo
xplot-1.pdf  used on input line 1625.
(pdftex.def)             Requested size: 469.75386pt x 216.80946pt.
[37] [38 <./Analyser-des-donn√©es-avec-R_files/figure-latex/geomhistogramVaried
Binwidth2-1.pdf> <./Analyser-des-donn√©es-avec-R_files/figure-latex/geomboxplot
-1.pdf>]
<Analyser-des-donn√©es-avec-R_files/figure-latex/geomboxplotModified-1.pdf, id=
390, 469.755pt x 216.81pt>
File: Analyser-des-donn√©es-avec-R_files/figure-latex/geomboxplotModified-1.pdf
 Graphic file (type pdf)
<use Analyser-des-donn√©es-avec-R_files/figure-latex/geomboxplotModified-1.pdf>

Package pdftex.def Info: Analyser-des-donn√©es-avec-R_files/figure-latex/geombo
xplotModified-1.pdf  used on input line 1646.
(pdftex.def)             Requested size: 469.75386pt x 216.80946pt.
[39 <./Analyser-des-donn√©es-avec-R_files/figure-latex/geomboxplotModified-1.pd
f>] [40]
<Analyser-des-donn√©es-avec-R_files/figure-latex/geomboxplotOutlierId-1.pdf, id
=408, 469.755pt x 216.81pt>
File: Analyser-des-donn√©es-avec-R_files/figure-latex/geomboxplotOutlierId-1.pd
f Graphic file (type pdf)
<use Analyser-des-donn√©es-avec-R_files/figure-latex/geomboxplotOutlierId-1.pdf
>
Package pdftex.def Info: Analyser-des-donn√©es-avec-R_files/figure-latex/geombo
xplotOutlierId-1.pdf  used on input line 1705.
(pdftex.def)             Requested size: 469.75386pt x 216.80946pt.
[41 <./Analyser-des-donn√©es-avec-R_files/figure-latex/geomboxplotOutlierId-1.p
df>] [42]
Underfull \hbox (badness 1412) in paragraph at lines 1791--1792
[]\T1/lmr/m/n/10 L'utilisation de la fonc-tion \T1/lmtt/m/n/10 plot_distri() \T
1/lmr/m/n/10 est il-lus-trÈe ci-dessous (pour rap-pel, il est im-por-tant
 []

<Analyser-des-donn√©es-avec-R_files/figure-latex/gdistriExample-1.pdf, id=424, 
469.755pt x 325.215pt>
File: Analyser-des-donn√©es-avec-R_files/figure-latex/gdistriExample-1.pdf Grap
hic file (type pdf)
<use Analyser-des-donn√©es-avec-R_files/figure-latex/gdistriExample-1.pdf>
Package pdftex.def Info: Analyser-des-donn√©es-avec-R_files/figure-latex/gdistr
iExample-1.pdf  used on input line 1801.
(pdftex.def)             Requested size: 469.75386pt x 325.2142pt.

Overfull \hbox (4.99884pt too wide) in paragraph at lines 1801--1802
 []\T1/lmr/m/n/10 {[] 
 []

[43 <./Analyser-des-donn√©es-avec-R_files/figure-latex/gdistriExample-1.pdf>]
<Analyser-des-donn√©es-avec-R_files/figure-latex/variousDistributions-1.pdf, id
=443, 469.755pt x 325.215pt>
File: Analyser-des-donn√©es-avec-R_files/figure-latex/variousDistributions-1.pd
f Graphic file (type pdf)
<use Analyser-des-donn√©es-avec-R_files/figure-latex/variousDistributions-1.pdf
>
Package pdftex.def Info: Analyser-des-donn√©es-avec-R_files/figure-latex/variou
sDistributions-1.pdf  used on input line 1812.
(pdftex.def)             Requested size: 469.75386pt x 325.2142pt.

Underfull \vbox (badness 10000) has occurred while \output is active []

[44 <./Analyser-des-donn√©es-avec-R_files/figure-latex/variousDistributions-1.p
df>] [45]
<Analyser-des-donn√©es-avec-R_files/figure-latex/meansSkewedVariables-1.pdf, id
=473, 469.755pt x 325.215pt>
File: Analyser-des-donn√©es-avec-R_files/figure-latex/meansSkewedVariables-1.pd
f Graphic file (type pdf)
<use Analyser-des-donn√©es-avec-R_files/figure-latex/meansSkewedVariables-1.pdf
>
Package pdftex.def Info: Analyser-des-donn√©es-avec-R_files/figure-latex/meansS
kewedVariables-1.pdf  used on input line 1920.
(pdftex.def)             Requested size: 469.75386pt x 325.2142pt.
[46] [47 <./Analyser-des-donn√©es-avec-R_files/figure-latex/meansSkewedVariable
s-1.pdf>]
<Analyser-des-donn√©es-avec-R_files/figure-latex/mediansSkewedVariables-1.pdf, 
id=491, 469.755pt x 325.215pt>
File: Analyser-des-donn√©es-avec-R_files/figure-latex/mediansSkewedVariables-1.
pdf Graphic file (type pdf)
<use Analyser-des-donn√©es-avec-R_files/figure-latex/mediansSkewedVariables-1.p
df>
Package pdftex.def Info: Analyser-des-donn√©es-avec-R_files/figure-latex/median
sSkewedVariables-1.pdf  used on input line 1960.
(pdftex.def)             Requested size: 469.75386pt x 325.2142pt.
[48 <./Analyser-des-donn√©es-avec-R_files/figure-latex/mediansSkewedVariables-1
.pdf>] [49] [50] [51]
<Analyser-des-donn√©es-avec-R_files/figure-latex/graphicContinuouQuantiles-1.pd
f, id=523, 469.755pt x 325.215pt>
File: Analyser-des-donn√©es-avec-R_files/figure-latex/graphicContinuouQuantiles
-1.pdf Graphic file (type pdf)
<use Analyser-des-donn√©es-avec-R_files/figure-latex/graphicContinuouQuantiles-
1.pdf>
Package pdftex.def Info: Analyser-des-donn√©es-avec-R_files/figure-latex/graphi
cContinuouQuantiles-1.pdf  used on input line 2231.
(pdftex.def)             Requested size: 469.75386pt x 325.2142pt.
[52] [53 <./Analyser-des-donn√©es-avec-R_files/figure-latex/graphicContinuouQua
ntiles-1.pdf>]
<Analyser-des-donn√©es-avec-R_files/figure-latex/skeweddistri-1.pdf, id=540, 46
9.755pt x 325.215pt>
File: Analyser-des-donn√©es-avec-R_files/figure-latex/skeweddistri-1.pdf Graphi
c file (type pdf)
<use Analyser-des-donn√©es-avec-R_files/figure-latex/skeweddistri-1.pdf>
Package pdftex.def Info: Analyser-des-donn√©es-avec-R_files/figure-latex/skewed
distri-1.pdf  used on input line 2267.
(pdftex.def)             Requested size: 469.75386pt x 325.2142pt.
[54] [55 <./Analyser-des-donn√©es-avec-R_files/figure-latex/skeweddistri-1.pdf>
]
<Analyser-des-donn√©es-avec-R_files/figure-latex/kurtosisdistri-1.pdf, id=562, 
469.755pt x 325.215pt>
File: Analyser-des-donn√©es-avec-R_files/figure-latex/kurtosisdistri-1.pdf Grap
hic file (type pdf)
<use Analyser-des-donn√©es-avec-R_files/figure-latex/kurtosisdistri-1.pdf>
Package pdftex.def Info: Analyser-des-donn√©es-avec-R_files/figure-latex/kurtos
isdistri-1.pdf  used on input line 2303.
(pdftex.def)             Requested size: 469.75386pt x 325.2142pt.
[56] [57 <./Analyser-des-donn√©es-avec-R_files/figure-latex/kurtosisdistri-1.pd
f>] [58]
<Analyser-des-donn√©es-avec-R_files/figure-latex/ObservationsWithinSdMutiplesGa
ussianDistri-1.pdf, id=586, 469.755pt x 325.215pt>
File: Analyser-des-donn√©es-avec-R_files/figure-latex/ObservationsWithinSdMutip
lesGaussianDistri-1.pdf Graphic file (type pdf)
<use Analyser-des-donn√©es-avec-R_files/figure-latex/ObservationsWithinSdMutipl
esGaussianDistri-1.pdf>
Package pdftex.def Info: Analyser-des-donn√©es-avec-R_files/figure-latex/Observ
ationsWithinSdMutiplesGaussianDistri-1.pdf  used on input line 2444.
(pdftex.def)             Requested size: 469.75386pt x 325.2142pt.
[59] [60 <./Analyser-des-donn√©es-avec-R_files/figure-latex/ObservationsWithinS
dMutiplesGaussianDistri-1.pdf>]
<Analyser-des-donn√©es-avec-R_files/figure-latex/MeanAboveLedianAsym-1.pdf, id=
610, 469.755pt x 325.215pt>
File: Analyser-des-donn√©es-avec-R_files/figure-latex/MeanAboveLedianAsym-1.pdf
 Graphic file (type pdf)
<use Analyser-des-donn√©es-avec-R_files/figure-latex/MeanAboveLedianAsym-1.pdf>

Package pdftex.def Info: Analyser-des-donn√©es-avec-R_files/figure-latex/MeanAb
oveLedianAsym-1.pdf  used on input line 2455.
(pdftex.def)             Requested size: 469.75386pt x 325.2142pt.
[61 <./Analyser-des-donn√©es-avec-R_files/figure-latex/MeanAboveLedianAsym-1.pd
f>]
<Analyser-des-donn√©es-avec-R_files/figure-latex/geombar-1.pdf, id=625, 469.755
pt x 325.215pt>
File: Analyser-des-donn√©es-avec-R_files/figure-latex/geombar-1.pdf Graphic fil
e (type pdf)
<use Analyser-des-donn√©es-avec-R_files/figure-latex/geombar-1.pdf>
Package pdftex.def Info: Analyser-des-donn√©es-avec-R_files/figure-latex/geomba
r-1.pdf  used on input line 2505.
(pdftex.def)             Requested size: 469.75386pt x 325.2142pt.
[62 <./Analyser-des-donn√©es-avec-R_files/figure-latex/geombar-1.pdf>]
<Analyser-des-donn√©es-avec-R_files/figure-latex/geombarEnhanced-1.pdf, id=636,
 469.755pt x 325.215pt>
File: Analyser-des-donn√©es-avec-R_files/figure-latex/geombarEnhanced-1.pdf Gra
phic file (type pdf)
<use Analyser-des-donn√©es-avec-R_files/figure-latex/geombarEnhanced-1.pdf>
Package pdftex.def Info: Analyser-des-donn√©es-avec-R_files/figure-latex/geomba
rEnhanced-1.pdf  used on input line 2547.
(pdftex.def)             Requested size: 469.75386pt x 325.2142pt.
[63] [64 <./Analyser-des-donn√©es-avec-R_files/figure-latex/geombarEnhanced-1.p
df>]
<Analyser-des-donn√©es-avec-R_files/figure-latex/geombarEnhancedGraph-1.pdf, id
=651, 469.755pt x 325.215pt>
File: Analyser-des-donn√©es-avec-R_files/figure-latex/geombarEnhancedGraph-1.pd
f Graphic file (type pdf)
<use Analyser-des-donn√©es-avec-R_files/figure-latex/geombarEnhancedGraph-1.pdf
>
Package pdftex.def Info: Analyser-des-donn√©es-avec-R_files/figure-latex/geomba
rEnhancedGraph-1.pdf  used on input line 2622.
(pdftex.def)             Requested size: 469.75386pt x 325.2142pt.
[65] [66 <./Analyser-des-donn√©es-avec-R_files/figure-latex/geombarEnhancedGrap
h-1.pdf>]
Overfull \vbox (1.7827pt too high) detected at line 2681
 []

[67]
<Analyser-des-donn√©es-avec-R_files/figure-latex/geombarPropEnhancedGraph-1.pdf
, id=673, 469.755pt x 325.215pt>
File: Analyser-des-donn√©es-avec-R_files/figure-latex/geombarPropEnhancedGraph-
1.pdf Graphic file (type pdf)
<use Analyser-des-donn√©es-avec-R_files/figure-latex/geombarPropEnhancedGraph-1
.pdf>
Package pdftex.def Info: Analyser-des-donn√©es-avec-R_files/figure-latex/geomba
rPropEnhancedGraph-1.pdf  used on input line 2685.
(pdftex.def)             Requested size: 469.75386pt x 325.2142pt.
[68 <./Analyser-des-donn√©es-avec-R_files/figure-latex/geombarPropEnhancedGraph
-1.pdf>]
Underfull \hbox (badness 2951) in paragraph at lines 2725--2727
[]\T1/lmr/m/n/10 Lors de l'analyse d'une vari-able quan-ti-ta-tive, une pre-miË
re Ètape doit Ítre de vi-su-aliser
 []

[69] [70]
Chapter 4.
<Analyser-des-donn√©es-avec-R_files/figure-latex/relationshipsIllustrations-1.p
df, id=698, 469.755pt x 325.215pt>
File: Analyser-des-donn√©es-avec-R_files/figure-latex/relationshipsIllustration
s-1.pdf Graphic file (type pdf)
<use Analyser-des-donn√©es-avec-R_files/figure-latex/relationshipsIllustrations
-1.pdf>
Package pdftex.def Info: Analyser-des-donn√©es-avec-R_files/figure-latex/relati
onshipsIllustrations-1.pdf  used on input line 2773.
(pdftex.def)             Requested size: 469.75386pt x 325.2142pt.
<Analyser-des-donn√©es-avec-R_files/figure-latex/scatterplot-1.pdf, id=699, 469
.755pt x 325.215pt>
File: Analyser-des-donn√©es-avec-R_files/figure-latex/scatterplot-1.pdf Graphic
 file (type pdf)
<use Analyser-des-donn√©es-avec-R_files/figure-latex/scatterplot-1.pdf>
Package pdftex.def Info: Analyser-des-donn√©es-avec-R_files/figure-latex/scatte
rplot-1.pdf  used on input line 2791.
(pdftex.def)             Requested size: 469.75386pt x 325.2142pt.
[71

] [72 <./Analyser-des-donn√©es-avec-R_files/figure-latex/relationshipsIllustrat
ions-1.pdf>] [73 <./Analyser-des-donn√©es-avec-R_files/figure-latex/scatterplot
-1.pdf>]
<Analyser-des-donn√©es-avec-R_files/figure-latex/scatterplotLine-1.pdf, id=730,
 469.755pt x 325.215pt>
File: Analyser-des-donn√©es-avec-R_files/figure-latex/scatterplotLine-1.pdf Gra
phic file (type pdf)
<use Analyser-des-donn√©es-avec-R_files/figure-latex/scatterplotLine-1.pdf>
Package pdftex.def Info: Analyser-des-donn√©es-avec-R_files/figure-latex/scatte
rplotLine-1.pdf  used on input line 2815.
(pdftex.def)             Requested size: 469.75386pt x 325.2142pt.
[74 <./Analyser-des-donn√©es-avec-R_files/figure-latex/scatterplotLine-1.pdf>]
Overfull \hbox (570.02493pt too wide) in alignment at lines 2838--2848
 [] [] [] [] [] [] [] 
 []


Overfull \hbox (570.02493pt too wide) in alignment at lines 2848--2854
 [] [] [] [] [] [] [] 
 []


Overfull \hbox (570.02493pt too wide) in alignment at lines 2854--2898
 [] [] [] [] [] [] [] 
 []

<Analyser-des-donn√©es-avec-R_files/figure-latex/graphCov-1.pdf, id=741, 722.7p
t x 325.215pt>
File: Analyser-des-donn√©es-avec-R_files/figure-latex/graphCov-1.pdf Graphic fi
le (type pdf)
<use Analyser-des-donn√©es-avec-R_files/figure-latex/graphCov-1.pdf>
Package pdftex.def Info: Analyser-des-donn√©es-avec-R_files/figure-latex/graphC
ov-1.pdf  used on input line 2904.
(pdftex.def)             Requested size: 469.76045pt x 211.3922pt.
[75]
Overfull \hbox (272.94495pt too wide) in alignment at lines 2953--2963
 [] [] [] [] [] 
 []


Overfull \hbox (272.94495pt too wide) in alignment at lines 2963--2969
 [] [] [] [] [] 
 []


Overfull \hbox (272.94495pt too wide) in alignment at lines 2969--2977
 [] [] [] [] [] 
 []

[76 <./Analyser-des-donn√©es-avec-R_files/figure-latex/graphCov-1.pdf>]
<Analyser-des-donn√©es-avec-R_files/figure-latex/spuriousCorrelations-1.pdf, id
=766, 469.755pt x 325.215pt>
File: Analyser-des-donn√©es-avec-R_files/figure-latex/spuriousCorrelations-1.pd
f Graphic file (type pdf)
<use Analyser-des-donn√©es-avec-R_files/figure-latex/spuriousCorrelations-1.pdf
>
Package pdftex.def Info: Analyser-des-donn√©es-avec-R_files/figure-latex/spurio
usCorrelations-1.pdf  used on input line 2985.
(pdftex.def)             Requested size: 469.75386pt x 325.2142pt.
<Analyser-des-donn√©es-avec-R_files/figure-latex/spuriousCorrelationBis-1.pdf, 
id=768, 469.755pt x 325.215pt>
File: Analyser-des-donn√©es-avec-R_files/figure-latex/spuriousCorrelationBis-1.
pdf Graphic file (type pdf)
<use Analyser-des-donn√©es-avec-R_files/figure-latex/spuriousCorrelationBis-1.p
df>
Package pdftex.def Info: Analyser-des-donn√©es-avec-R_files/figure-latex/spurio
usCorrelationBis-1.pdf  used on input line 2996.
(pdftex.def)             Requested size: 469.75386pt x 325.2142pt.
[77] [78 <./Analyser-des-donn√©es-avec-R_files/figure-latex/spuriousCorrelation
s-1.pdf>] [79 <./Analyser-des-donn√©es-avec-R_files/figure-latex/spuriousCorrel
ationBis-1.pdf>] [80] [81]
<Analyser-des-donn√©es-avec-R_files/figure-latex/graphSpearman-1.pdf, id=808, 4
69.755pt x 325.215pt>
File: Analyser-des-donn√©es-avec-R_files/figure-latex/graphSpearman-1.pdf Graph
ic file (type pdf)
<use Analyser-des-donn√©es-avec-R_files/figure-latex/graphSpearman-1.pdf>
Package pdftex.def Info: Analyser-des-donn√©es-avec-R_files/figure-latex/graphS
pearman-1.pdf  used on input line 3285.
(pdftex.def)             Requested size: 469.75386pt x 325.2142pt.
<Analyser-des-donn√©es-avec-R_files/figure-latex/ranksvvaluesspearman-1.pdf, id
=809, 469.755pt x 325.215pt>
File: Analyser-des-donn√©es-avec-R_files/figure-latex/ranksvvaluesspearman-1.pd
f Graphic file (type pdf)
<use Analyser-des-donn√©es-avec-R_files/figure-latex/ranksvvaluesspearman-1.pdf
>
Package pdftex.def Info: Analyser-des-donn√©es-avec-R_files/figure-latex/ranksv
valuesspearman-1.pdf  used on input line 3296.
(pdftex.def)             Requested size: 469.75386pt x 325.2142pt.

Underfull \vbox (badness 10000) has occurred while \output is active []

[82 <./Analyser-des-donn√©es-avec-R_files/figure-latex/graphSpearman-1.pdf>] [8
3 <./Analyser-des-donn√©es-avec-R_files/figure-latex/ranksvvaluesspearman-1.pdf
>]
<Analyser-des-donn√©es-avec-R_files/figure-latex/groupedBarsFigure-1.pdf, id=83
3, 469.755pt x 325.215pt>
File: Analyser-des-donn√©es-avec-R_files/figure-latex/groupedBarsFigure-1.pdf G
raphic file (type pdf)
<use Analyser-des-donn√©es-avec-R_files/figure-latex/groupedBarsFigure-1.pdf>
Package pdftex.def Info: Analyser-des-donn√©es-avec-R_files/figure-latex/groupe
dBarsFigure-1.pdf  used on input line 3347.
(pdftex.def)             Requested size: 469.75386pt x 325.2142pt.
[84] [85 <./Analyser-des-donn√©es-avec-R_files/figure-latex/groupedBarsFigure-1
.pdf>]
<Analyser-des-donn√©es-avec-R_files/figure-latex/groupedBarsUpgraded-1.pdf, id=
853, 469.755pt x 216.81pt>
File: Analyser-des-donn√©es-avec-R_files/figure-latex/groupedBarsUpgraded-1.pdf
 Graphic file (type pdf)
<use Analyser-des-donn√©es-avec-R_files/figure-latex/groupedBarsUpgraded-1.pdf>

Package pdftex.def Info: Analyser-des-donn√©es-avec-R_files/figure-latex/groupe
dBarsUpgraded-1.pdf  used on input line 3368.
(pdftex.def)             Requested size: 469.75386pt x 216.80946pt.
[86 <./Analyser-des-donn√©es-avec-R_files/figure-latex/groupedBarsUpgraded-1.pd
f>]
<Analyser-des-donn√©es-avec-R_files/figure-latex/stackedBarsBiv-1.pdf, id=864, 
469.755pt x 325.215pt>
File: Analyser-des-donn√©es-avec-R_files/figure-latex/stackedBarsBiv-1.pdf Grap
hic file (type pdf)
<use Analyser-des-donn√©es-avec-R_files/figure-latex/stackedBarsBiv-1.pdf>
Package pdftex.def Info: Analyser-des-donn√©es-avec-R_files/figure-latex/stacke
dBarsBiv-1.pdf  used on input line 3388.
(pdftex.def)             Requested size: 469.75386pt x 325.2142pt.
[87 <./Analyser-des-donn√©es-avec-R_files/figure-latex/stackedBarsBiv-1.pdf>] [
88] [89]
<Analyser-des-donn√©es-avec-R_files/figure-latex/taballUCBA-1.pdf, id=888, 469.
755pt x 325.215pt>
File: Analyser-des-donn√©es-avec-R_files/figure-latex/taballUCBA-1.pdf Graphic 
file (type pdf)
<use Analyser-des-donn√©es-avec-R_files/figure-latex/taballUCBA-1.pdf>
Package pdftex.def Info: Analyser-des-donn√©es-avec-R_files/figure-latex/taball
UCBA-1.pdf  used on input line 3532.
(pdftex.def)             Requested size: 469.75386pt x 325.2142pt.
<Analyser-des-donn√©es-avec-R_files/figure-latex/tabdepUCBA-1.pdf, id=891, 469.
755pt x 1011.78pt>
File: Analyser-des-donn√©es-avec-R_files/figure-latex/tabdepUCBA-1.pdf Graphic 
file (type pdf)
<use Analyser-des-donn√©es-avec-R_files/figure-latex/tabdepUCBA-1.pdf>
Package pdftex.def Info: Analyser-des-donn√©es-avec-R_files/figure-latex/tabdep
UCBA-1.pdf  used on input line 3540.
(pdftex.def)             Requested size: 301.98973pt x 650.43942pt.

LaTeX Warning: Float too large for page by 36.50941pt on input line 3542.

<Analyser-des-donn√©es-avec-R_files/figure-latex/distriUCBA-1.pdf, id=895, 469.
755pt x 325.215pt>
File: Analyser-des-donn√©es-avec-R_files/figure-latex/distriUCBA-1.pdf Graphic 
file (type pdf)
<use Analyser-des-donn√©es-avec-R_files/figure-latex/distriUCBA-1.pdf>
Package pdftex.def Info: Analyser-des-donn√©es-avec-R_files/figure-latex/distri
UCBA-1.pdf  used on input line 3546.
(pdftex.def)             Requested size: 469.75386pt x 325.2142pt.
[90 <./Analyser-des-donn√©es-avec-R_files/figure-latex/taballUCBA-1.pdf>] [91 <
./Analyser-des-donn√©es-avec-R_files/figure-latex/tabdepUCBA-1.pdf>] [92 <./Ana
lyser-des-donn√©es-avec-R_files/figure-latex/distriUCBA-1.pdf>] [93]
Underfull \vbox (badness 10000) detected at line 3799
 []


Underfull \vbox (badness 10000) detected at line 3799
 []

[94]
Underfull \vbox (badness 10000) detected at line 3799
 []


Underfull \vbox (badness 10000) detected at line 3799
 []

[95]
Underfull \vbox (badness 10000) detected at line 3799
 []


Underfull \vbox (badness 10000) detected at line 3799
 []

[96]
<Analyser-des-donn√©es-avec-R_files/figure-latex/raindcloudplotsBiv-1.pdf, id=9
58, 1445.4pt x 1084.05pt>
File: Analyser-des-donn√©es-avec-R_files/figure-latex/raindcloudplotsBiv-1.pdf 
Graphic file (type pdf)
<use Analyser-des-donn√©es-avec-R_files/figure-latex/raindcloudplotsBiv-1.pdf>
Package pdftex.def Info: Analyser-des-donn√©es-avec-R_files/figure-latex/raindc
loudplotsBiv-1.pdf  used on input line 3803.
(pdftex.def)             Requested size: 469.74944pt x 352.31207pt.
[97] [98 <./Analyser-des-donn√©es-avec-R_files/figure-latex/raindcloudplotsBiv-
1.pdf>] [99] [100] [101] [102] [103] [104]
<Analyser-des-donn√©es-avec-R_files/figure-latex/unnamed-chunk-4-1.pdf, id=1030
, 469.755pt x 325.215pt>
File: Analyser-des-donn√©es-avec-R_files/figure-latex/unnamed-chunk-4-1.pdf Gra
phic file (type pdf)
<use Analyser-des-donn√©es-avec-R_files/figure-latex/unnamed-chunk-4-1.pdf>
Package pdftex.def Info: Analyser-des-donn√©es-avec-R_files/figure-latex/unname
d-chunk-4-1.pdf  used on input line 4084.
(pdftex.def)             Requested size: 469.75386pt x 325.2142pt.
[105 <./Analyser-des-donn√©es-avec-R_files/figure-latex/unnamed-chunk-4-1.pdf>]
[106

]
Chapter 5.
<Analyser-des-donn√©es-avec-R_files/figure-latex/graphsee-1.pdf, id=1051, 469.7
55pt x 325.215pt>
File: Analyser-des-donn√©es-avec-R_files/figure-latex/graphsee-1.pdf Graphic fi
le (type pdf)
<use Analyser-des-donn√©es-avec-R_files/figure-latex/graphsee-1.pdf>
Package pdftex.def Info: Analyser-des-donn√©es-avec-R_files/figure-latex/graphs
ee-1.pdf  used on input line 4123.
(pdftex.def)             Requested size: 469.75386pt x 325.2142pt.
[107] [108 <./Analyser-des-donn√©es-avec-R_files/figure-latex/graphsee-1.pdf>] 
[109]
<Analyser-des-donn√©es-avec-R_files/figure-latex/graphLinStats-1.pdf, id=1077, 
469.755pt x 325.215pt>
File: Analyser-des-donn√©es-avec-R_files/figure-latex/graphLinStats-1.pdf Graph
ic file (type pdf)
<use Analyser-des-donn√©es-avec-R_files/figure-latex/graphLinStats-1.pdf>
Package pdftex.def Info: Analyser-des-donn√©es-avec-R_files/figure-latex/graphL
inStats-1.pdf  used on input line 4258.
(pdftex.def)             Requested size: 469.75386pt x 325.2142pt.
[110] [111 <./Analyser-des-donn√©es-avec-R_files/figure-latex/graphLinStats-1.p
df>]
<Analyser-des-donn√©es-avec-R_files/figure-latex/anscombeQuartetGraph-1.pdf, id
=1095, 469.755pt x 325.215pt>
File: Analyser-des-donn√©es-avec-R_files/figure-latex/anscombeQuartetGraph-1.pd
f Graphic file (type pdf)
<use Analyser-des-donn√©es-avec-R_files/figure-latex/anscombeQuartetGraph-1.pdf
>
Package pdftex.def Info: Analyser-des-donn√©es-avec-R_files/figure-latex/anscom
beQuartetGraph-1.pdf  used on input line 4271.
(pdftex.def)             Requested size: 469.75386pt x 325.2142pt.
[112 <./Analyser-des-donn√©es-avec-R_files/figure-latex/anscombeQuartetGraph-1.
pdf>] [113] (./Analyser-des-donn√©es-avec-R.aux)
Package rerunfilecheck Info: File `Analyser-des-donn√©es-avec-R.out' has not ch
anged.
(rerunfilecheck)             Checksum: 364A7021602C5EBCC43F0DF3C114EB55;4206.
 ) 
Here is how much of TeX's memory you used:
 12304 strings out of 480477
 205184 string characters out of 5897329
 559455 words of memory out of 5000000
 29449 multiletter control sequences out of 15000+600000
 476292 words of font info for 80 fonts, out of 8000000 for 9000
 14 hyphenation exceptions out of 8191
 60i,7n,66p,2607b,483s stack positions out of 5000i,500n,10000p,200000b,80000s
{c:/Users/pydemullenheim/AppData/Roaming/TinyTeX/texmf-dist/fonts/enc/dvips/l
m/lm-mathsy.enc}{c:/Users/pydemullenheim/AppData/Roaming/TinyTeX/texmf-dist/fon
ts/enc/dvips/lm/lm-rm.enc}{c:/Users/pydemullenheim/AppData/Roaming/TinyTeX/texm
f-dist/fonts/enc/dvips/lm/lm-mathex.enc}{c:/Users/pydemullenheim/AppData/Roamin
g/TinyTeX/texmf-dist/fonts/enc/dvips/lm/lm-mathit.enc}{c:/Users/pydemullenheim/
AppData/Roaming/TinyTeX/texmf-dist/fonts/enc/dvips/lm/lm-ts1.enc}{c:/Users/pyde
mullenheim/AppData/Roaming/TinyTeX/texmf-dist/fonts/enc/dvips/lm/lm-ec.enc}<c:/
Users/pydemullenheim/AppData/Roaming/TinyTeX/texmf-dist/fonts/type1/public/lm/l
mbx10.pfb><c:/Users/pydemullenheim/AppData/Roaming/TinyTeX/texmf-dist/fonts/typ
e1/public/lm/lmbx12.pfb><c:/Users/pydemullenheim/AppData/Roaming/TinyTeX/texmf-
dist/fonts/type1/public/lm/lmex10.pfb><c:/Users/pydemullenheim/AppData/Roaming/
TinyTeX/texmf-dist/fonts/type1/public/lm/lmmi10.pfb><c:/Users/pydemullenheim/Ap
pData/Roaming/TinyTeX/texmf-dist/fonts/type1/public/lm/lmmi7.pfb><c:/Users/pyde
mullenheim/AppData/Roaming/TinyTeX/texmf-dist/fonts/type1/public/lm/lmr10.pfb><
c:/Users/pydemullenheim/AppData/Roaming/TinyTeX/texmf-dist/fonts/type1/public/l
m/lmr12.pfb><c:/Users/pydemullenheim/AppData/Roaming/TinyTeX/texmf-dist/fonts/t
ype1/public/lm/lmr17.pfb><c:/Users/pydemullenheim/AppData/Roaming/TinyTeX/texmf
-dist/fonts/type1/public/lm/lmr5.pfb><c:/Users/pydemullenheim/AppData/Roaming/T
inyTeX/texmf-dist/fonts/type1/public/lm/lmr7.pfb><c:/Users/pydemullenheim/AppDa
ta/Roaming/TinyTeX/texmf-dist/fonts/type1/public/lm/lmri10.pfb><c:/Users/pydemu
llenheim/AppData/Roaming/TinyTeX/texmf-dist/fonts/type1/public/lm/lmro10.pfb><c
:/Users/pydemullenheim/AppData/Roaming/TinyTeX/texmf-dist/fonts/type1/public/lm
/lmsy10.pfb><c:/Users/pydemullenheim/AppData/Roaming/TinyTeX/texmf-dist/fonts/t
ype1/public/lm/lmsy7.pfb><c:/Users/pydemullenheim/AppData/Roaming/TinyTeX/texmf
-dist/fonts/type1/public/lm/lmtk10.pfb><c:/Users/pydemullenheim/AppData/Roaming
/TinyTeX/texmf-dist/fonts/type1/public/lm/lmtko10.pfb><c:/Users/pydemullenheim/
AppData/Roaming/TinyTeX/texmf-dist/fonts/type1/public/lm/lmtt10.pfb><c:/Users/p
ydemullenheim/AppData/Roaming/TinyTeX/texmf-dist/fonts/type1/public/lm/lmtti10.
pfb>
Output written on Analyser-des-donn√©es-avec-R.pdf (113 pages, 1834879 bytes).
PDF statistics:
 1281 PDF objects out of 1440 (max. 8388607)
 1036 compressed objects within 11 object streams
 296 named destinations out of 1000 (max. 500000)
 372 words of extra memory for PDF output out of 10000 (max. 10000000)

